0 info it worked if it ends with ok
1 verbose cli [ '/usr/bin/nodejs',
1 verbose cli   '/usr/bin/npm',
1 verbose cli   'install',
1 verbose cli   'raspi-io',
1 verbose cli   '--save' ]
2 info using npm@3.10.9
3 info using node@v6.9.2
4 silly loadCurrentTree Starting
5 silly install loadCurrentTree
6 silly install readLocalPackageData
7 silly fetchPackageMetaData raspi-io
8 silly fetchNamedPackageData raspi-io
9 silly mapToRegistry name raspi-io
10 silly mapToRegistry using default registry
11 silly mapToRegistry registry https://registry.npmjs.org/
12 silly mapToRegistry data Result {
12 silly mapToRegistry   raw: 'raspi-io',
12 silly mapToRegistry   scope: null,
12 silly mapToRegistry   escapedName: 'raspi-io',
12 silly mapToRegistry   name: 'raspi-io',
12 silly mapToRegistry   rawSpec: '',
12 silly mapToRegistry   spec: 'latest',
12 silly mapToRegistry   type: 'tag' }
13 silly mapToRegistry uri https://registry.npmjs.org/raspi-io
14 verbose request uri https://registry.npmjs.org/raspi-io
15 verbose request no auth needed
16 info attempt registry request try #1 at 11:33:15 AM
17 verbose request id f385e911ab92756a
18 verbose etag W/"583dad77-143dd"
19 verbose lastModified Tue, 29 Nov 2016 16:31:51 GMT
20 http request GET https://registry.npmjs.org/raspi-io
21 http 304 https://registry.npmjs.org/raspi-io
22 verbose headers { date: 'Wed, 07 Dec 2016 09:33:15 GMT',
22 verbose headers   via: '1.1 varnish',
22 verbose headers   'cache-control': 'max-age=300',
22 verbose headers   etag: 'W/"583dad77-143dd"',
22 verbose headers   age: '275',
22 verbose headers   connection: 'keep-alive',
22 verbose headers   'x-served-by': 'cache-fra1238-FRA',
22 verbose headers   'x-cache': 'HIT',
22 verbose headers   'x-cache-hits': '1',
22 verbose headers   'x-timer': 'S1481103195.489952,VS0,VE0',
22 verbose headers   vary: 'Accept-Encoding' }
23 silly get cb [ 304,
23 silly get   { date: 'Wed, 07 Dec 2016 09:33:15 GMT',
23 silly get     via: '1.1 varnish',
23 silly get     'cache-control': 'max-age=300',
23 silly get     etag: 'W/"583dad77-143dd"',
23 silly get     age: '275',
23 silly get     connection: 'keep-alive',
23 silly get     'x-served-by': 'cache-fra1238-FRA',
23 silly get     'x-cache': 'HIT',
23 silly get     'x-cache-hits': '1',
23 silly get     'x-timer': 'S1481103195.489952,VS0,VE0',
23 silly get     vary: 'Accept-Encoding' } ]
24 verbose etag https://registry.npmjs.org/raspi-io from cache
25 verbose get saving raspi-io to /home/ppopadiyn/.npm/registry.npmjs.org/raspi-io/.cache.json
26 verbose correctMkdir /home/ppopadiyn/.npm correctMkdir not in flight; initializing
27 silly install normalizeTree
28 silly loadCurrentTree Finishing
29 silly loadIdealTree Starting
30 silly install loadIdealTree
31 silly cloneCurrentTree Starting
32 silly install cloneCurrentTreeToIdealTree
33 silly cloneCurrentTree Finishing
34 silly loadShrinkwrap Starting
35 silly install loadShrinkwrap
36 silly loadShrinkwrap Finishing
37 silly loadAllDepsIntoIdealTree Starting
38 silly install loadAllDepsIntoIdealTree
39 silly resolveWithNewModule raspi-io@7.1.0 checking installable status
40 silly cache add args [ 'raspi-io', null ]
41 verbose cache add spec raspi-io
42 silly cache add parsed spec Result {
42 silly cache add   raw: 'raspi-io',
42 silly cache add   scope: null,
42 silly cache add   escapedName: 'raspi-io',
42 silly cache add   name: 'raspi-io',
42 silly cache add   rawSpec: '',
42 silly cache add   spec: 'latest',
42 silly cache add   type: 'tag' }
43 silly addNamed raspi-io@latest
44 verbose addNamed "latest" is being treated as a dist-tag for raspi-io
45 info addNameTag [ 'raspi-io', 'latest' ]
46 silly mapToRegistry name raspi-io
47 silly mapToRegistry using default registry
48 silly mapToRegistry registry https://registry.npmjs.org/
49 silly mapToRegistry data Result {
49 silly mapToRegistry   raw: 'raspi-io',
49 silly mapToRegistry   scope: null,
49 silly mapToRegistry   escapedName: 'raspi-io',
49 silly mapToRegistry   name: 'raspi-io',
49 silly mapToRegistry   rawSpec: '',
49 silly mapToRegistry   spec: 'latest',
49 silly mapToRegistry   type: 'tag' }
50 silly mapToRegistry uri https://registry.npmjs.org/raspi-io
51 verbose addNameTag registry:https://registry.npmjs.org/raspi-io not in flight; fetching
52 verbose get https://registry.npmjs.org/raspi-io not expired, no request
53 silly addNameTag next cb for raspi-io with tag latest
54 silly addNamed raspi-io@7.1.0
55 verbose addNamed "7.1.0" is a plain semver version for raspi-io
56 silly cache afterAdd raspi-io@7.1.0
57 verbose afterAdd /home/ppopadiyn/.npm/raspi-io/7.1.0/package/package.json not in flight; writing
58 verbose correctMkdir /home/ppopadiyn/.npm correctMkdir not in flight; initializing
59 verbose afterAdd /home/ppopadiyn/.npm/raspi-io/7.1.0/package/package.json written
60 silly fetchNamedPackageData raspi
61 silly mapToRegistry name raspi
62 silly mapToRegistry using default registry
63 silly mapToRegistry registry https://registry.npmjs.org/
64 silly mapToRegistry data Result {
64 silly mapToRegistry   raw: 'raspi',
64 silly mapToRegistry   scope: null,
64 silly mapToRegistry   escapedName: 'raspi',
64 silly mapToRegistry   name: 'raspi',
64 silly mapToRegistry   rawSpec: '',
64 silly mapToRegistry   spec: 'latest',
64 silly mapToRegistry   type: 'tag' }
65 silly mapToRegistry uri https://registry.npmjs.org/raspi
66 verbose request uri https://registry.npmjs.org/raspi
67 verbose request no auth needed
68 info attempt registry request try #1 at 11:33:16 AM
69 verbose etag W/"58432b42-4ff8"
70 verbose lastModified Sat, 03 Dec 2016 20:29:54 GMT
71 http request GET https://registry.npmjs.org/raspi
72 http 304 https://registry.npmjs.org/raspi
73 verbose headers { date: 'Wed, 07 Dec 2016 09:33:16 GMT',
73 verbose headers   via: '1.1 varnish',
73 verbose headers   'cache-control': 'max-age=300',
73 verbose headers   etag: 'W/"58432b42-4ff8"',
73 verbose headers   age: '275',
73 verbose headers   connection: 'keep-alive',
73 verbose headers   'x-served-by': 'cache-fra1238-FRA',
73 verbose headers   'x-cache': 'HIT',
73 verbose headers   'x-cache-hits': '1',
73 verbose headers   'x-timer': 'S1481103196.062114,VS0,VE0',
73 verbose headers   vary: 'Accept-Encoding' }
74 silly get cb [ 304,
74 silly get   { date: 'Wed, 07 Dec 2016 09:33:16 GMT',
74 silly get     via: '1.1 varnish',
74 silly get     'cache-control': 'max-age=300',
74 silly get     etag: 'W/"58432b42-4ff8"',
74 silly get     age: '275',
74 silly get     connection: 'keep-alive',
74 silly get     'x-served-by': 'cache-fra1238-FRA',
74 silly get     'x-cache': 'HIT',
74 silly get     'x-cache-hits': '1',
74 silly get     'x-timer': 'S1481103196.062114,VS0,VE0',
74 silly get     vary: 'Accept-Encoding' } ]
75 verbose etag https://registry.npmjs.org/raspi from cache
76 verbose get saving raspi to /home/ppopadiyn/.npm/registry.npmjs.org/raspi/.cache.json
77 verbose correctMkdir /home/ppopadiyn/.npm correctMkdir not in flight; initializing
78 silly resolveWithNewModule raspi@3.0.4 checking installable status
79 silly cache add args [ 'raspi@^3.0.0', null ]
80 verbose cache add spec raspi@^3.0.0
81 silly cache add parsed spec Result {
81 silly cache add   raw: 'raspi@^3.0.0',
81 silly cache add   scope: null,
81 silly cache add   escapedName: 'raspi',
81 silly cache add   name: 'raspi',
81 silly cache add   rawSpec: '^3.0.0',
81 silly cache add   spec: '>=3.0.0 <4.0.0',
81 silly cache add   type: 'range' }
82 silly addNamed raspi@>=3.0.0 <4.0.0
83 verbose addNamed ">=3.0.0 <4.0.0" is a valid semver range for raspi
84 silly addNameRange { name: 'raspi', range: '>=3.0.0 <4.0.0', hasData: false }
85 silly mapToRegistry name raspi
86 silly mapToRegistry using default registry
87 silly mapToRegistry registry https://registry.npmjs.org/
88 silly mapToRegistry data Result {
88 silly mapToRegistry   raw: 'raspi',
88 silly mapToRegistry   scope: null,
88 silly mapToRegistry   escapedName: 'raspi',
88 silly mapToRegistry   name: 'raspi',
88 silly mapToRegistry   rawSpec: '',
88 silly mapToRegistry   spec: 'latest',
88 silly mapToRegistry   type: 'tag' }
89 silly mapToRegistry uri https://registry.npmjs.org/raspi
90 verbose addNameRange registry:https://registry.npmjs.org/raspi not in flight; fetching
91 verbose get https://registry.npmjs.org/raspi not expired, no request
92 silly addNameRange number 2 { name: 'raspi', range: '>=3.0.0 <4.0.0', hasData: true }
93 silly addNameRange versions [ 'raspi',
93 silly addNameRange   [ '1.1.6',
93 silly addNameRange     '1.2.0',
93 silly addNameRange     '1.3.0',
93 silly addNameRange     '1.3.1',
93 silly addNameRange     '1.3.2',
93 silly addNameRange     '2.0.0',
93 silly addNameRange     '2.1.0',
93 silly addNameRange     '3.0.0',
93 silly addNameRange     '3.0.1',
93 silly addNameRange     '3.0.2',
93 silly addNameRange     '3.0.3',
93 silly addNameRange     '3.0.4' ] ]
94 silly addNamed raspi@3.0.4
95 verbose addNamed "3.0.4" is a plain semver version for raspi
96 silly cache afterAdd raspi@3.0.4
97 verbose afterAdd /home/ppopadiyn/.npm/raspi/3.0.4/package/package.json not in flight; writing
98 verbose correctMkdir /home/ppopadiyn/.npm correctMkdir not in flight; initializing
99 verbose afterAdd /home/ppopadiyn/.npm/raspi/3.0.4/package/package.json written
100 silly loadAllDepsIntoIdealTree Finishing
101 silly loadIdealTree Finishing
102 silly currentTree push-button-led@1.0.0
102 silly currentTree ├── @types/node@0.0.2
102 silly currentTree ├── ansi-regex@2.0.0
102 silly currentTree ├── ansi-styles@2.2.1
102 silly currentTree ├── bindings@1.2.1
102 silly currentTree ├── browser-serialport@2.0.3
102 silly currentTree ├── chalk@1.1.3
102 silly currentTree ├── color-convert@1.2.2
102 silly currentTree ├── commander@2.9.0
102 silly currentTree ├── debug@2.3.3
102 silly currentTree ├── define-properties@1.1.2
102 silly currentTree ├── ease-component@1.0.0
102 silly currentTree ├── es6-shim@0.35.2
102 silly currentTree ├── escape-string-regexp@1.0.5
102 silly currentTree ├── firmata@0.14.1
102 silly currentTree ├── foreach@2.0.5
102 silly currentTree ├── function-bind@1.1.0
102 silly currentTree ├── graceful-readlink@1.0.1
102 silly currentTree ├── has-ansi@2.0.0
102 silly currentTree ├── i2c-bus@1.1.2
102 silly currentTree ├── immediate@3.0.6
102 silly currentTree ├── ini-builder@1.0.3
102 silly currentTree ├── johnny-five@0.10.6
102 silly currentTree ├── lie@3.1.0
102 silly currentTree ├── lodash.clonedeep@4.5.0
102 silly currentTree ├── lodash.debounce@4.0.8
102 silly currentTree ├── ms@0.7.2
102 silly currentTree ├── nan@2.4.0
102 silly currentTree ├── nanotimer@0.3.10
102 silly currentTree ├── object-keys@1.0.11
102 silly currentTree ├── object.assign@4.0.4
102 silly currentTree ├─┬ pigpio@0.3.4
102 silly currentTree │ └── nan@2.3.5
102 silly currentTree ├── raspi-board@4.0.1
102 silly currentTree ├── raspi-gpio@2.3.1
102 silly currentTree ├── raspi-i2c@4.0.0
102 silly currentTree ├── raspi-led@1.5.1
102 silly currentTree ├── raspi-peripheral@1.6.3
102 silly currentTree ├── raspi-pwm@3.1.1
102 silly currentTree ├── raspi-serial@2.0.0
102 silly currentTree ├── raspi-soft-pwm@2.0.1
102 silly currentTree ├─┬ serialport@4.0.6
102 silly currentTree │ └─┬ node-pre-gyp@0.6.31
102 silly currentTree │   ├─┬ mkdirp@0.5.1
102 silly currentTree │   │ └── minimist@0.0.8
102 silly currentTree │   ├─┬ nopt@3.0.6
102 silly currentTree │   │ └── abbrev@1.0.9
102 silly currentTree │   ├─┬ npmlog@4.0.0
102 silly currentTree │   │ ├─┬ are-we-there-yet@1.1.2
102 silly currentTree │   │ │ ├── delegates@1.0.0
102 silly currentTree │   │ │ └─┬ readable-stream@2.2.1
102 silly currentTree │   │ │   ├── buffer-shims@1.0.0
102 silly currentTree │   │ │   ├── core-util-is@1.0.2
102 silly currentTree │   │ │   ├── inherits@2.0.3
102 silly currentTree │   │ │   ├── isarray@1.0.0
102 silly currentTree │   │ │   ├── process-nextick-args@1.0.7
102 silly currentTree │   │ │   ├── string_decoder@0.10.31
102 silly currentTree │   │ │   └── util-deprecate@1.0.2
102 silly currentTree │   │ ├── console-control-strings@1.1.0
102 silly currentTree │   │ ├─┬ gauge@2.6.0
102 silly currentTree │   │ │ ├── aproba@1.0.4
102 silly currentTree │   │ │ ├── has-color@0.1.7
102 silly currentTree │   │ │ ├── has-unicode@2.0.1
102 silly currentTree │   │ │ ├── object-assign@4.1.0
102 silly currentTree │   │ │ ├── signal-exit@3.0.1
102 silly currentTree │   │ │ ├─┬ string-width@1.0.2
102 silly currentTree │   │ │ │ ├── code-point-at@1.1.0
102 silly currentTree │   │ │ │ └─┬ is-fullwidth-code-point@1.0.0
102 silly currentTree │   │ │ │   └── number-is-nan@1.0.1
102 silly currentTree │   │ │ ├─┬ strip-ansi@3.0.1
102 silly currentTree │   │ │ │ └── ansi-regex@2.0.0
102 silly currentTree │   │ │ └── wide-align@1.1.0
102 silly currentTree │   │ └── set-blocking@2.0.0
102 silly currentTree │   ├─┬ rc@1.1.6
102 silly currentTree │   │ ├── deep-extend@0.4.1
102 silly currentTree │   │ ├── ini@1.3.4
102 silly currentTree │   │ ├── minimist@1.2.0
102 silly currentTree │   │ └── strip-json-comments@1.0.4
102 silly currentTree │   ├─┬ request@2.78.0
102 silly currentTree │   │ ├── aws-sign2@0.6.0
102 silly currentTree │   │ ├── aws4@1.5.0
102 silly currentTree │   │ ├── caseless@0.11.0
102 silly currentTree │   │ ├─┬ combined-stream@1.0.5
102 silly currentTree │   │ │ └── delayed-stream@1.0.0
102 silly currentTree │   │ ├── extend@3.0.0
102 silly currentTree │   │ ├── forever-agent@0.6.1
102 silly currentTree │   │ ├─┬ form-data@2.1.2
102 silly currentTree │   │ │ └── asynckit@0.4.0
102 silly currentTree │   │ ├─┬ har-validator@2.0.6
102 silly currentTree │   │ │ ├─┬ chalk@1.1.3
102 silly currentTree │   │ │ │ ├── ansi-styles@2.2.1
102 silly currentTree │   │ │ │ ├── escape-string-regexp@1.0.5
102 silly currentTree │   │ │ │ ├─┬ has-ansi@2.0.0
102 silly currentTree │   │ │ │ │ └── ansi-regex@2.0.0
102 silly currentTree │   │ │ │ ├─┬ strip-ansi@3.0.1
102 silly currentTree │   │ │ │ │ └── ansi-regex@2.0.0
102 silly currentTree │   │ │ │ └── supports-color@2.0.0
102 silly currentTree │   │ │ ├─┬ is-my-json-valid@2.15.0
102 silly currentTree │   │ │ │ ├── generate-function@2.0.0
102 silly currentTree │   │ │ │ ├─┬ generate-object-property@1.2.0
102 silly currentTree │   │ │ │ │ └── is-property@1.0.2
102 silly currentTree │   │ │ │ ├── jsonpointer@4.0.0
102 silly currentTree │   │ │ │ └── xtend@4.0.1
102 silly currentTree │   │ │ └─┬ pinkie-promise@2.0.1
102 silly currentTree │   │ │   └── pinkie@2.0.4
102 silly currentTree │   │ ├─┬ hawk@3.1.3
102 silly currentTree │   │ │ ├── boom@2.10.1
102 silly currentTree │   │ │ ├── cryptiles@2.0.5
102 silly currentTree │   │ │ ├── hoek@2.16.3
102 silly currentTree │   │ │ └── sntp@1.0.9
102 silly currentTree │   │ ├─┬ http-signature@1.1.1
102 silly currentTree │   │ │ ├── assert-plus@0.2.0
102 silly currentTree │   │ │ ├─┬ jsprim@1.3.1
102 silly currentTree │   │ │ │ ├── extsprintf@1.0.2
102 silly currentTree │   │ │ │ ├── json-schema@0.2.3
102 silly currentTree │   │ │ │ └── verror@1.3.6
102 silly currentTree │   │ │ └─┬ sshpk@1.10.1
102 silly currentTree │   │ │   ├── asn1@0.2.3
102 silly currentTree │   │ │   ├── assert-plus@1.0.0
102 silly currentTree │   │ │   ├── bcrypt-pbkdf@1.0.0
102 silly currentTree │   │ │   ├── dashdash@1.14.0
102 silly currentTree │   │ │   ├── ecc-jsbn@0.1.1
102 silly currentTree │   │ │   ├── getpass@0.1.6
102 silly currentTree │   │ │   ├── jodid25519@1.0.2
102 silly currentTree │   │ │   ├── jsbn@0.1.0
102 silly currentTree │   │ │   └── tweetnacl@0.14.3
102 silly currentTree │   │ ├── is-typedarray@1.0.0
102 silly currentTree │   │ ├── isstream@0.1.2
102 silly currentTree │   │ ├── json-stringify-safe@5.0.1
102 silly currentTree │   │ ├─┬ mime-types@2.1.12
102 silly currentTree │   │ │ └── mime-db@1.24.0
102 silly currentTree │   │ ├── node-uuid@1.4.7
102 silly currentTree │   │ ├── oauth-sign@0.8.2
102 silly currentTree │   │ ├── qs@6.3.0
102 silly currentTree │   │ ├── stringstream@0.0.5
102 silly currentTree │   │ ├─┬ tough-cookie@2.3.2
102 silly currentTree │   │ │ └── punycode@1.4.1
102 silly currentTree │   │ └── tunnel-agent@0.4.3
102 silly currentTree │   ├─┬ rimraf@2.5.4
102 silly currentTree │   │ └─┬ glob@7.1.1
102 silly currentTree │   │   ├── fs.realpath@1.0.0
102 silly currentTree │   │   ├─┬ inflight@1.0.6
102 silly currentTree │   │   │ └── wrappy@1.0.2
102 silly currentTree │   │   ├── inherits@2.0.3
102 silly currentTree │   │   ├─┬ minimatch@3.0.3
102 silly currentTree │   │   │ └─┬ brace-expansion@1.1.6
102 silly currentTree │   │   │   ├── balanced-match@0.4.2
102 silly currentTree │   │   │   └── concat-map@0.0.1
102 silly currentTree │   │   ├─┬ once@1.4.0
102 silly currentTree │   │   │ └── wrappy@1.0.2
102 silly currentTree │   │   └── path-is-absolute@1.0.1
102 silly currentTree │   ├── semver@5.3.0
102 silly currentTree │   ├─┬ tar-pack@3.3.0
102 silly currentTree │   │ ├─┬ debug@2.2.0
102 silly currentTree │   │ │ └── ms@0.7.1
102 silly currentTree │   │ ├─┬ fstream-ignore@1.0.5
102 silly currentTree │   │ │ ├── inherits@2.0.3
102 silly currentTree │   │ │ └─┬ minimatch@3.0.3
102 silly currentTree │   │ │   └─┬ brace-expansion@1.1.6
102 silly currentTree │   │ │     ├── balanced-match@0.4.2
102 silly currentTree │   │ │     └── concat-map@0.0.1
102 silly currentTree │   │ ├─┬ fstream@1.0.10
102 silly currentTree │   │ │ ├── graceful-fs@4.1.10
102 silly currentTree │   │ │ └── inherits@2.0.3
102 silly currentTree │   │ ├─┬ once@1.3.3
102 silly currentTree │   │ │ └── wrappy@1.0.2
102 silly currentTree │   │ ├─┬ readable-stream@2.1.5
102 silly currentTree │   │ │ ├── buffer-shims@1.0.0
102 silly currentTree │   │ │ ├── core-util-is@1.0.2
102 silly currentTree │   │ │ ├── inherits@2.0.3
102 silly currentTree │   │ │ ├── isarray@1.0.0
102 silly currentTree │   │ │ ├── process-nextick-args@1.0.7
102 silly currentTree │   │ │ ├── string_decoder@0.10.31
102 silly currentTree │   │ │ └── util-deprecate@1.0.2
102 silly currentTree │   │ └── uid-number@0.0.6
102 silly currentTree │   └─┬ tar@2.2.1
102 silly currentTree │     ├── block-stream@0.0.9
102 silly currentTree │     ├─┬ fstream@1.0.10
102 silly currentTree │     │ └── graceful-fs@4.1.10
102 silly currentTree │     └── inherits@2.0.3
102 silly currentTree ├── strip-ansi@3.0.1
102 silly currentTree ├── supports-color@2.0.0
102 silly currentTree └── temporal@0.5.0
103 silly idealTree push-button-led@1.0.0
103 silly idealTree ├── @types/node@0.0.2
103 silly idealTree ├── ansi-regex@2.0.0
103 silly idealTree ├── ansi-styles@2.2.1
103 silly idealTree ├── bindings@1.2.1
103 silly idealTree ├── browser-serialport@2.0.3
103 silly idealTree ├── chalk@1.1.3
103 silly idealTree ├── color-convert@1.2.2
103 silly idealTree ├── commander@2.9.0
103 silly idealTree ├── debug@2.3.3
103 silly idealTree ├── define-properties@1.1.2
103 silly idealTree ├── ease-component@1.0.0
103 silly idealTree ├── es6-shim@0.35.2
103 silly idealTree ├── escape-string-regexp@1.0.5
103 silly idealTree ├── firmata@0.14.1
103 silly idealTree ├── foreach@2.0.5
103 silly idealTree ├── function-bind@1.1.0
103 silly idealTree ├── graceful-readlink@1.0.1
103 silly idealTree ├── has-ansi@2.0.0
103 silly idealTree ├── i2c-bus@1.1.2
103 silly idealTree ├── immediate@3.0.6
103 silly idealTree ├── ini-builder@1.0.3
103 silly idealTree ├── johnny-five@0.10.6
103 silly idealTree ├── lie@3.1.0
103 silly idealTree ├── lodash.clonedeep@4.5.0
103 silly idealTree ├── lodash.debounce@4.0.8
103 silly idealTree ├── ms@0.7.2
103 silly idealTree ├── nan@2.4.0
103 silly idealTree ├── nanotimer@0.3.10
103 silly idealTree ├── object-keys@1.0.11
103 silly idealTree ├── object.assign@4.0.4
103 silly idealTree ├─┬ pigpio@0.3.4
103 silly idealTree │ └── nan@2.3.5
103 silly idealTree ├── raspi-board@4.0.1
103 silly idealTree ├── raspi-gpio@2.3.1
103 silly idealTree ├── raspi-i2c@4.0.0
103 silly idealTree ├── raspi-io@7.1.0
103 silly idealTree ├── raspi-led@1.5.1
103 silly idealTree ├── raspi-peripheral@1.6.3
103 silly idealTree ├── raspi-pwm@3.1.1
103 silly idealTree ├── raspi-serial@2.0.0
103 silly idealTree ├── raspi-soft-pwm@2.0.1
103 silly idealTree ├── raspi@3.0.4
103 silly idealTree ├─┬ serialport@4.0.6
103 silly idealTree │ └─┬ node-pre-gyp@0.6.31
103 silly idealTree │   ├─┬ mkdirp@0.5.1
103 silly idealTree │   │ └── minimist@0.0.8
103 silly idealTree │   ├─┬ nopt@3.0.6
103 silly idealTree │   │ └── abbrev@1.0.9
103 silly idealTree │   ├─┬ npmlog@4.0.0
103 silly idealTree │   │ ├─┬ are-we-there-yet@1.1.2
103 silly idealTree │   │ │ ├── delegates@1.0.0
103 silly idealTree │   │ │ └─┬ readable-stream@2.2.1
103 silly idealTree │   │ │   ├── buffer-shims@1.0.0
103 silly idealTree │   │ │   ├── core-util-is@1.0.2
103 silly idealTree │   │ │   ├── inherits@2.0.3
103 silly idealTree │   │ │   ├── isarray@1.0.0
103 silly idealTree │   │ │   ├── process-nextick-args@1.0.7
103 silly idealTree │   │ │   ├── string_decoder@0.10.31
103 silly idealTree │   │ │   └── util-deprecate@1.0.2
103 silly idealTree │   │ ├── console-control-strings@1.1.0
103 silly idealTree │   │ ├─┬ gauge@2.6.0
103 silly idealTree │   │ │ ├── aproba@1.0.4
103 silly idealTree │   │ │ ├── has-color@0.1.7
103 silly idealTree │   │ │ ├── has-unicode@2.0.1
103 silly idealTree │   │ │ ├── object-assign@4.1.0
103 silly idealTree │   │ │ ├── signal-exit@3.0.1
103 silly idealTree │   │ │ ├─┬ string-width@1.0.2
103 silly idealTree │   │ │ │ ├── code-point-at@1.1.0
103 silly idealTree │   │ │ │ └─┬ is-fullwidth-code-point@1.0.0
103 silly idealTree │   │ │ │   └── number-is-nan@1.0.1
103 silly idealTree │   │ │ ├─┬ strip-ansi@3.0.1
103 silly idealTree │   │ │ │ └── ansi-regex@2.0.0
103 silly idealTree │   │ │ └── wide-align@1.1.0
103 silly idealTree │   │ └── set-blocking@2.0.0
103 silly idealTree │   ├─┬ rc@1.1.6
103 silly idealTree │   │ ├── deep-extend@0.4.1
103 silly idealTree │   │ ├── ini@1.3.4
103 silly idealTree │   │ ├── minimist@1.2.0
103 silly idealTree │   │ └── strip-json-comments@1.0.4
103 silly idealTree │   ├─┬ request@2.78.0
103 silly idealTree │   │ ├── aws-sign2@0.6.0
103 silly idealTree │   │ ├── aws4@1.5.0
103 silly idealTree │   │ ├── caseless@0.11.0
103 silly idealTree │   │ ├─┬ combined-stream@1.0.5
103 silly idealTree │   │ │ └── delayed-stream@1.0.0
103 silly idealTree │   │ ├── extend@3.0.0
103 silly idealTree │   │ ├── forever-agent@0.6.1
103 silly idealTree │   │ ├─┬ form-data@2.1.2
103 silly idealTree │   │ │ └── asynckit@0.4.0
103 silly idealTree │   │ ├─┬ har-validator@2.0.6
103 silly idealTree │   │ │ ├─┬ chalk@1.1.3
103 silly idealTree │   │ │ │ ├── ansi-styles@2.2.1
103 silly idealTree │   │ │ │ ├── escape-string-regexp@1.0.5
103 silly idealTree │   │ │ │ ├─┬ has-ansi@2.0.0
103 silly idealTree │   │ │ │ │ └── ansi-regex@2.0.0
103 silly idealTree │   │ │ │ ├─┬ strip-ansi@3.0.1
103 silly idealTree │   │ │ │ │ └── ansi-regex@2.0.0
103 silly idealTree │   │ │ │ └── supports-color@2.0.0
103 silly idealTree │   │ │ ├─┬ is-my-json-valid@2.15.0
103 silly idealTree │   │ │ │ ├── generate-function@2.0.0
103 silly idealTree │   │ │ │ ├─┬ generate-object-property@1.2.0
103 silly idealTree │   │ │ │ │ └── is-property@1.0.2
103 silly idealTree │   │ │ │ ├── jsonpointer@4.0.0
103 silly idealTree │   │ │ │ └── xtend@4.0.1
103 silly idealTree │   │ │ └─┬ pinkie-promise@2.0.1
103 silly idealTree │   │ │   └── pinkie@2.0.4
103 silly idealTree │   │ ├─┬ hawk@3.1.3
103 silly idealTree │   │ │ ├── boom@2.10.1
103 silly idealTree │   │ │ ├── cryptiles@2.0.5
103 silly idealTree │   │ │ ├── hoek@2.16.3
103 silly idealTree │   │ │ └── sntp@1.0.9
103 silly idealTree │   │ ├─┬ http-signature@1.1.1
103 silly idealTree │   │ │ ├── assert-plus@0.2.0
103 silly idealTree │   │ │ ├─┬ jsprim@1.3.1
103 silly idealTree │   │ │ │ ├── extsprintf@1.0.2
103 silly idealTree │   │ │ │ ├── json-schema@0.2.3
103 silly idealTree │   │ │ │ └── verror@1.3.6
103 silly idealTree │   │ │ └─┬ sshpk@1.10.1
103 silly idealTree │   │ │   ├── asn1@0.2.3
103 silly idealTree │   │ │   ├── assert-plus@1.0.0
103 silly idealTree │   │ │   ├── bcrypt-pbkdf@1.0.0
103 silly idealTree │   │ │   ├── dashdash@1.14.0
103 silly idealTree │   │ │   ├── ecc-jsbn@0.1.1
103 silly idealTree │   │ │   ├── getpass@0.1.6
103 silly idealTree │   │ │   ├── jodid25519@1.0.2
103 silly idealTree │   │ │   ├── jsbn@0.1.0
103 silly idealTree │   │ │   └── tweetnacl@0.14.3
103 silly idealTree │   │ ├── is-typedarray@1.0.0
103 silly idealTree │   │ ├── isstream@0.1.2
103 silly idealTree │   │ ├── json-stringify-safe@5.0.1
103 silly idealTree │   │ ├─┬ mime-types@2.1.12
103 silly idealTree │   │ │ └── mime-db@1.24.0
103 silly idealTree │   │ ├── node-uuid@1.4.7
103 silly idealTree │   │ ├── oauth-sign@0.8.2
103 silly idealTree │   │ ├── qs@6.3.0
103 silly idealTree │   │ ├── stringstream@0.0.5
103 silly idealTree │   │ ├─┬ tough-cookie@2.3.2
103 silly idealTree │   │ │ └── punycode@1.4.1
103 silly idealTree │   │ └── tunnel-agent@0.4.3
103 silly idealTree │   ├─┬ rimraf@2.5.4
103 silly idealTree │   │ └─┬ glob@7.1.1
103 silly idealTree │   │   ├── fs.realpath@1.0.0
103 silly idealTree │   │   ├─┬ inflight@1.0.6
103 silly idealTree │   │   │ └── wrappy@1.0.2
103 silly idealTree │   │   ├── inherits@2.0.3
103 silly idealTree │   │   ├─┬ minimatch@3.0.3
103 silly idealTree │   │   │ └─┬ brace-expansion@1.1.6
103 silly idealTree │   │   │   ├── balanced-match@0.4.2
103 silly idealTree │   │   │   └── concat-map@0.0.1
103 silly idealTree │   │   ├─┬ once@1.4.0
103 silly idealTree │   │   │ └── wrappy@1.0.2
103 silly idealTree │   │   └── path-is-absolute@1.0.1
103 silly idealTree │   ├── semver@5.3.0
103 silly idealTree │   ├─┬ tar-pack@3.3.0
103 silly idealTree │   │ ├─┬ debug@2.2.0
103 silly idealTree │   │ │ └── ms@0.7.1
103 silly idealTree │   │ ├─┬ fstream-ignore@1.0.5
103 silly idealTree │   │ │ ├── inherits@2.0.3
103 silly idealTree │   │ │ └─┬ minimatch@3.0.3
103 silly idealTree │   │ │   └─┬ brace-expansion@1.1.6
103 silly idealTree │   │ │     ├── balanced-match@0.4.2
103 silly idealTree │   │ │     └── concat-map@0.0.1
103 silly idealTree │   │ ├─┬ fstream@1.0.10
103 silly idealTree │   │ │ ├── graceful-fs@4.1.10
103 silly idealTree │   │ │ └── inherits@2.0.3
103 silly idealTree │   │ ├─┬ once@1.3.3
103 silly idealTree │   │ │ └── wrappy@1.0.2
103 silly idealTree │   │ ├─┬ readable-stream@2.1.5
103 silly idealTree │   │ │ ├── buffer-shims@1.0.0
103 silly idealTree │   │ │ ├── core-util-is@1.0.2
103 silly idealTree │   │ │ ├── inherits@2.0.3
103 silly idealTree │   │ │ ├── isarray@1.0.0
103 silly idealTree │   │ │ ├── process-nextick-args@1.0.7
103 silly idealTree │   │ │ ├── string_decoder@0.10.31
103 silly idealTree │   │ │ └── util-deprecate@1.0.2
103 silly idealTree │   │ └── uid-number@0.0.6
103 silly idealTree │   └─┬ tar@2.2.1
103 silly idealTree │     ├── block-stream@0.0.9
103 silly idealTree │     ├─┬ fstream@1.0.10
103 silly idealTree │     │ └── graceful-fs@4.1.10
103 silly idealTree │     └── inherits@2.0.3
103 silly idealTree ├── strip-ansi@3.0.1
103 silly idealTree ├── supports-color@2.0.0
103 silly idealTree └── temporal@0.5.0
104 silly generateActionsToTake Starting
105 silly install generateActionsToTake
106 silly generateActionsToTake Finishing
107 silly diffTrees action count 2
108 silly diffTrees add raspi@3.0.4
109 silly diffTrees add raspi-io@7.1.0
110 silly decomposeActions action count 16
111 silly decomposeActions fetch raspi@3.0.4
112 silly decomposeActions extract raspi@3.0.4
113 silly decomposeActions test raspi@3.0.4
114 silly decomposeActions preinstall raspi@3.0.4
115 silly decomposeActions build raspi@3.0.4
116 silly decomposeActions install raspi@3.0.4
117 silly decomposeActions postinstall raspi@3.0.4
118 silly decomposeActions finalize raspi@3.0.4
119 silly decomposeActions fetch raspi-io@7.1.0
120 silly decomposeActions extract raspi-io@7.1.0
121 silly decomposeActions test raspi-io@7.1.0
122 silly decomposeActions preinstall raspi-io@7.1.0
123 silly decomposeActions build raspi-io@7.1.0
124 silly decomposeActions install raspi-io@7.1.0
125 silly decomposeActions postinstall raspi-io@7.1.0
126 silly decomposeActions finalize raspi-io@7.1.0
127 silly runTopLevelLifecycles Starting
128 silly executeActions Starting
129 silly install executeActions
130 silly doSerial global-install 0
131 silly doParallel fetch 2
132 verbose correctMkdir /home/ppopadiyn/.npm/_locks correctMkdir not in flight; initializing
133 verbose lock using /home/ppopadiyn/.npm/_locks/staging-dfaa4b9915ce6f8e.lock for /home/ppopadiyn/work/iot-push-button-led/src/Johny5/node_modules/.staging
134 silly doParallel extract 2
135 silly extract raspi@3.0.4
136 silly extract raspi-io@7.1.0
137 verbose unbuild node_modules/.staging/raspi-d4a61815
138 verbose unbuild node_modules/.staging/raspi-io-b6955467
139 silly gentlyRm /home/ppopadiyn/work/iot-push-button-led/src/Johny5/node_modules/.staging/raspi-d4a61815 is being purged from base /home/ppopadiyn/work/iot-push-button-led/src/Johny5
140 verbose gentlyRm don't care about contents; nuking /home/ppopadiyn/work/iot-push-button-led/src/Johny5/node_modules/.staging/raspi-d4a61815
141 silly gentlyRm /home/ppopadiyn/work/iot-push-button-led/src/Johny5/node_modules/.staging/raspi-io-b6955467 is being purged from base /home/ppopadiyn/work/iot-push-button-led/src/Johny5
142 verbose gentlyRm don't care about contents; nuking /home/ppopadiyn/work/iot-push-button-led/src/Johny5/node_modules/.staging/raspi-io-b6955467
143 verbose tar unpack /home/ppopadiyn/.npm/raspi/3.0.4/package.tgz
144 verbose tar unpacking to /home/ppopadiyn/work/iot-push-button-led/src/Johny5/node_modules/.staging/raspi-d4a61815
145 silly gentlyRm /home/ppopadiyn/work/iot-push-button-led/src/Johny5/node_modules/.staging/raspi-d4a61815 is being purged
146 verbose gentlyRm don't care about contents; nuking /home/ppopadiyn/work/iot-push-button-led/src/Johny5/node_modules/.staging/raspi-d4a61815
147 verbose tar unpack /home/ppopadiyn/.npm/raspi-io/7.1.0/package.tgz
148 verbose tar unpacking to /home/ppopadiyn/work/iot-push-button-led/src/Johny5/node_modules/.staging/raspi-io-b6955467
149 silly gentlyRm /home/ppopadiyn/work/iot-push-button-led/src/Johny5/node_modules/.staging/raspi-io-b6955467 is being purged
150 verbose gentlyRm don't care about contents; nuking /home/ppopadiyn/work/iot-push-button-led/src/Johny5/node_modules/.staging/raspi-io-b6955467
151 silly gunzTarPerm modes [ '775', '664' ]
152 silly gunzTarPerm modes [ '775', '664' ]
153 silly gunzTarPerm extractEntry package.json
154 silly gunzTarPerm modified mode [ 'package.json', 420, 436 ]
155 silly gunzTarPerm extractEntry package.json
156 silly gunzTarPerm modified mode [ 'package.json', 420, 436 ]
157 silly gunzTarPerm extractEntry .npmignore
158 silly gunzTarPerm modified mode [ '.npmignore', 420, 436 ]
159 silly gunzTarPerm extractEntry README.md
160 silly gunzTarPerm modified mode [ 'README.md', 420, 436 ]
161 silly gunzTarPerm extractEntry .npmignore
162 silly gunzTarPerm modified mode [ '.npmignore', 420, 436 ]
163 silly gunzTarPerm extractEntry README.md
164 silly gunzTarPerm modified mode [ 'README.md', 420, 436 ]
165 silly gunzTarPerm extractEntry LICENSE
166 silly gunzTarPerm modified mode [ 'LICENSE', 420, 436 ]
167 silly gunzTarPerm extractEntry declarations/index.d.ts
168 silly gunzTarPerm modified mode [ 'declarations/index.d.ts', 420, 436 ]
169 silly gunzTarPerm extractEntry LICENSE
170 silly gunzTarPerm modified mode [ 'LICENSE', 420, 436 ]
171 silly gunzTarPerm extractEntry CODE_OF_CONDUCT.md
172 silly gunzTarPerm modified mode [ 'CODE_OF_CONDUCT.md', 420, 436 ]
173 silly gunzTarPerm extractEntry CONTRIBUTING.md
174 silly gunzTarPerm modified mode [ 'CONTRIBUTING.md', 420, 436 ]
175 silly gunzTarPerm extractEntry .eslintrc
176 silly gunzTarPerm modified mode [ '.eslintrc', 420, 436 ]
177 silly gunzTarPerm extractEntry binding.gyp
178 silly gunzTarPerm modified mode [ 'binding.gyp', 420, 436 ]
179 silly gunzTarPerm extractEntry .eslintrc
180 silly gunzTarPerm modified mode [ '.eslintrc', 420, 436 ]
181 silly gunzTarPerm extractEntry .vscode/.browse.VC.db
182 silly gunzTarPerm modified mode [ '.vscode/.browse.VC.db', 420, 436 ]
183 silly gunzTarPerm extractEntry dist/index.js
184 silly gunzTarPerm modified mode [ 'dist/index.js', 420, 436 ]
185 silly gunzTarPerm extractEntry dist/index.js.map
186 silly gunzTarPerm modified mode [ 'dist/index.js.map', 420, 436 ]
187 silly gunzTarPerm extractEntry CHANGELOG.md
188 silly gunzTarPerm modified mode [ 'CHANGELOG.md', 420, 436 ]
189 silly gunzTarPerm extractEntry src-native/addon.cc
190 silly gunzTarPerm modified mode [ 'src-native/addon.cc', 420, 436 ]
191 silly gunzTarPerm extractEntry src-native/init.cc
192 silly gunzTarPerm modified mode [ 'src-native/init.cc', 420, 436 ]
193 silly gunzTarPerm extractEntry src-native/init.h
194 silly gunzTarPerm modified mode [ 'src-native/init.h', 420, 436 ]
195 silly gunzTarPerm extractEntry .vscode/launch.json
196 silly gunzTarPerm modified mode [ '.vscode/launch.json', 420, 436 ]
197 silly gunzTarPerm extractEntry jsconfig.json
198 silly gunzTarPerm modified mode [ 'jsconfig.json', 420, 436 ]
199 silly gunzTarPerm extractEntry lib/index.js
200 silly gunzTarPerm modified mode [ 'lib/index.js', 420, 436 ]
201 silly gunzTarPerm extractEntry CHANGELOG.md
202 silly gunzTarPerm modified mode [ 'CHANGELOG.md', 420, 436 ]
203 silly gentlyRm /home/ppopadiyn/work/iot-push-button-led/src/Johny5/node_modules/.staging/raspi-d4a61815/node_modules is being purged
204 verbose gentlyRm don't care about contents; nuking /home/ppopadiyn/work/iot-push-button-led/src/Johny5/node_modules/.staging/raspi-d4a61815/node_modules
205 silly gentlyRm /home/ppopadiyn/work/iot-push-button-led/src/Johny5/node_modules/.staging/raspi-io-b6955467/node_modules is being purged
206 verbose gentlyRm don't care about contents; nuking /home/ppopadiyn/work/iot-push-button-led/src/Johny5/node_modules/.staging/raspi-io-b6955467/node_modules
207 silly doParallel preinstall 2
208 silly preinstall raspi@3.0.4 /home/ppopadiyn/work/iot-push-button-led/src/Johny5/node_modules/.staging/raspi-d4a61815
209 info lifecycle raspi@3.0.4~preinstall: raspi@3.0.4
210 silly preinstall raspi-io@7.1.0 /home/ppopadiyn/work/iot-push-button-led/src/Johny5/node_modules/.staging/raspi-io-b6955467
211 info lifecycle raspi-io@7.1.0~preinstall: raspi-io@7.1.0
212 silly lifecycle raspi@3.0.4~preinstall: no script for preinstall, continuing
213 silly lifecycle raspi-io@7.1.0~preinstall: no script for preinstall, continuing
214 silly doReverseSerial remove 0
215 silly doSerial move 0
216 silly doSerial finalize 2
217 silly finalize /home/ppopadiyn/work/iot-push-button-led/src/Johny5/node_modules/raspi
218 silly finalize /home/ppopadiyn/work/iot-push-button-led/src/Johny5/node_modules/raspi-io
219 silly doSerial build 2
220 silly build raspi@3.0.4
221 info linkStuff raspi@3.0.4
222 silly linkStuff raspi@3.0.4 has /home/ppopadiyn/work/iot-push-button-led/src/Johny5/node_modules as its parent node_modules
223 verbose linkBins raspi@3.0.4
224 verbose linkMans raspi@3.0.4
225 silly build raspi-io@7.1.0
226 info linkStuff raspi-io@7.1.0
227 silly linkStuff raspi-io@7.1.0 has /home/ppopadiyn/work/iot-push-button-led/src/Johny5/node_modules as its parent node_modules
228 verbose linkBins raspi-io@7.1.0
229 verbose linkMans raspi-io@7.1.0
230 silly doSerial global-link 0
231 silly doParallel update-linked 0
232 silly doSerial install 2
233 silly install raspi@3.0.4 /home/ppopadiyn/work/iot-push-button-led/src/Johny5/node_modules/.staging/raspi-d4a61815
234 info lifecycle raspi@3.0.4~install: raspi@3.0.4
235 verbose lifecycle raspi@3.0.4~install: unsafe-perm in lifecycle true
236 verbose lifecycle raspi@3.0.4~install: PATH: /usr/lib/node_modules/npm/bin/node-gyp-bin:/home/ppopadiyn/work/iot-push-button-led/src/Johny5/node_modules/raspi/node_modules/.bin:/home/ppopadiyn/work/iot-push-button-led/src/Johny5/node_modules/.bin:/bin:/usr/bin:/usr/X11R6/bin:/usr/local/bin
237 verbose lifecycle raspi@3.0.4~install: CWD: /home/ppopadiyn/work/iot-push-button-led/src/Johny5/node_modules/raspi
238 silly lifecycle raspi@3.0.4~install: Args: [ '-c', 'node-gyp rebuild' ]
239 silly lifecycle raspi@3.0.4~install: Returned: code: 1  signal: null
240 info lifecycle raspi@3.0.4~install: Failed to exec install script
241 verbose unlock done using /home/ppopadiyn/.npm/_locks/staging-dfaa4b9915ce6f8e.lock for /home/ppopadiyn/work/iot-push-button-led/src/Johny5/node_modules/.staging
242 silly rollbackFailedOptional Starting
243 silly rollbackFailedOptional Finishing
244 silly runTopLevelLifecycles Finishing
245 silly install printInstalled
246 warn push-button-led@1.0.0 No repository field.
247 verbose If you need help, you may report this error at:
247 verbose     <https://github.com/npm/npm/issues>
248 verbose stack Error: raspi@3.0.4 install: `node-gyp rebuild`
248 verbose stack Exit status 1
248 verbose stack     at EventEmitter.<anonymous> (/usr/lib/node_modules/npm/lib/utils/lifecycle.js:255:16)
248 verbose stack     at emitTwo (events.js:106:13)
248 verbose stack     at EventEmitter.emit (events.js:191:7)
248 verbose stack     at ChildProcess.<anonymous> (/usr/lib/node_modules/npm/lib/utils/spawn.js:40:14)
248 verbose stack     at emitTwo (events.js:106:13)
248 verbose stack     at ChildProcess.emit (events.js:191:7)
248 verbose stack     at maybeClose (internal/child_process.js:877:16)
248 verbose stack     at Process.ChildProcess._handle.onexit (internal/child_process.js:226:5)
249 verbose pkgid raspi@3.0.4
250 verbose cwd /home/ppopadiyn/work/iot-push-button-led/src/Johny5
251 error Linux 4.4.0-47-generic
252 error argv "/usr/bin/nodejs" "/usr/bin/npm" "install" "raspi-io" "--save"
253 error node v6.9.2
254 error npm  v3.10.9
255 error code ELIFECYCLE
256 error raspi@3.0.4 install: `node-gyp rebuild`
256 error Exit status 1
257 error Failed at the raspi@3.0.4 install script 'node-gyp rebuild'.
257 error Make sure you have the latest version of node.js and npm installed.
257 error If you do, this is most likely a problem with the raspi package,
257 error not with npm itself.
257 error Tell the author that this fails on your system:
257 error     node-gyp rebuild
257 error You can get information on how to open an issue for this project with:
257 error     npm bugs raspi
257 error Or if that isn't available, you can get their info via:
257 error     npm owner ls raspi
257 error There is likely additional logging output above.
258 verbose exit [ 1, true ]
